2025-11-09 23:07:55 - INFO - === Запуск скрапинга ===
2025-11-09 23:08:00 - INFO - Страница 1 обработана (всего записей: 15)
2025-11-09 23:08:02 - INFO - Страница 2 обработана (всего записей: 30)
2025-11-09 23:08:04 - INFO - Страница 3 обработана (всего записей: 45)
2025-11-09 23:08:06 - INFO - Страница 4 обработана (всего записей: 60)
2025-11-09 23:08:09 - INFO - Страница 5 обработана (всего записей: 75)
2025-11-09 23:08:11 - INFO - Страница 6 обработана (всего записей: 90)
2025-11-09 23:08:13 - INFO - Страница 7 обработана (всего записей: 105)
2025-11-09 23:08:15 - INFO - Страница 8 обработана (всего записей: 120)
2025-11-09 23:08:17 - INFO - Страница 9 обработана (всего записей: 135)
2025-11-09 23:08:19 - INFO - Страница 10 обработана (всего записей: 150)
2025-11-09 23:08:22 - INFO - Страница 11 обработана (всего записей: 165)
2025-11-09 23:08:24 - INFO - Страница 12 обработана (всего записей: 180)
2025-11-09 23:08:26 - INFO - Страница 13 обработана (всего записей: 195)
2025-11-09 23:08:28 - INFO - Страница 14 обработана (всего записей: 210)
2025-11-09 23:08:30 - INFO - Страница 15 обработана (всего записей: 225)
2025-11-09 23:08:33 - INFO - Страница 16 обработана (всего записей: 240)
2025-11-09 23:08:35 - INFO - Страница 17 обработана (всего записей: 255)
2025-11-09 23:08:37 - INFO - Страница 18 обработана (всего записей: 270)
2025-11-09 23:08:39 - INFO - Страница 19 обработана (всего записей: 285)
2025-11-09 23:08:41 - INFO - Страница 20 обработана (всего записей: 300)
2025-11-09 23:08:44 - INFO - Страница 21 обработана (всего записей: 314)
2025-11-09 23:08:44 - INFO - Последняя страница достигнута.
2025-11-09 23:08:44 - INFO - Браузер закрыт.
2025-11-09 23:08:44 - INFO - Собрано 314 записей с 21 страниц.
2025-11-09 23:08:44 - INFO - === Скрапинг завершён ===
2025-11-11 14:36:21 - INFO - === Запуск скрапинга ===
2025-11-11 14:36:31 - INFO - Страница 1 обработана (всего 15)
2025-11-11 14:36:34 - INFO - Страница 2 обработана (всего 30)
2025-11-11 14:36:36 - INFO - Страница 3 обработана (всего 45)
2025-11-11 14:36:38 - INFO - Страница 4 обработана (всего 60)
2025-11-11 14:36:40 - INFO - Страница 5 обработана (всего 75)
2025-11-11 14:36:42 - INFO - Страница 6 обработана (всего 90)
2025-11-11 14:36:45 - INFO - Страница 7 обработана (всего 105)
2025-11-11 14:36:47 - INFO - Страница 8 обработана (всего 120)
2025-11-11 14:36:49 - INFO - Страница 9 обработана (всего 135)
2025-11-11 14:36:51 - INFO - Страница 10 обработана (всего 150)
2025-11-11 14:36:53 - INFO - Страница 11 обработана (всего 165)
2025-11-11 14:36:56 - INFO - Страница 12 обработана (всего 180)
2025-11-11 14:36:58 - INFO - Страница 13 обработана (всего 195)
2025-11-11 14:37:00 - INFO - Страница 14 обработана (всего 210)
2025-11-11 14:37:02 - INFO - Страница 15 обработана (всего 225)
2025-11-11 14:37:04 - INFO - Страница 16 обработана (всего 240)
2025-11-11 14:37:06 - INFO - Страница 17 обработана (всего 255)
2025-11-11 14:37:09 - INFO - Страница 18 обработана (всего 270)
2025-11-11 14:37:11 - INFO - Страница 19 обработана (всего 285)
2025-11-11 14:37:13 - INFO - Страница 20 обработана (всего 300)
2025-11-11 14:37:15 - INFO - Страница 21 обработана (всего 314)
2025-11-11 14:37:15 - INFO - Собрано 314 записей с 21 страниц.
2025-11-11 14:37:15 - INFO - === Скрапинг завершён ===
2025-11-11 22:01:52 - INFO - === Запуск скрапинга ===
2025-11-11 22:02:00 - INFO - Страница 1 обработана (всего 15)
2025-11-11 22:02:02 - INFO - Страница 2 обработана (всего 30)
2025-11-11 22:02:04 - INFO - Страница 3 обработана (всего 45)
2025-11-11 22:02:06 - INFO - Страница 4 обработана (всего 60)
2025-11-11 22:02:09 - INFO - Страница 5 обработана (всего 75)
2025-11-11 22:02:11 - INFO - Страница 6 обработана (всего 90)
2025-11-11 22:02:13 - INFO - Страница 7 обработана (всего 105)
2025-11-11 22:02:15 - INFO - Страница 8 обработана (всего 120)
2025-11-11 22:02:17 - INFO - Страница 9 обработана (всего 135)
2025-11-11 22:02:19 - INFO - Страница 10 обработана (всего 150)
2025-11-11 22:02:22 - INFO - Страница 11 обработана (всего 165)
2025-11-11 22:02:24 - INFO - Страница 12 обработана (всего 180)
2025-11-11 22:02:26 - INFO - Страница 13 обработана (всего 195)
2025-11-11 22:02:28 - INFO - Страница 14 обработана (всего 210)
2025-11-11 22:02:30 - INFO - Страница 15 обработана (всего 225)
2025-11-11 22:02:33 - INFO - Страница 16 обработана (всего 240)
2025-11-11 22:02:35 - INFO - Страница 17 обработана (всего 255)
2025-11-11 22:02:37 - INFO - Страница 18 обработана (всего 270)
2025-11-11 22:02:39 - INFO - Страница 19 обработана (всего 285)
2025-11-11 22:02:41 - INFO - Страница 20 обработана (всего 300)
2025-11-11 22:02:44 - INFO - Страница 21 обработана (всего 314)
2025-11-11 22:02:44 - INFO - Собрано 314 записей с 21 страниц.
2025-11-11 22:02:44 - INFO - === Скрапинг завершён ===
2025-11-12 18:01:52 - INFO - === Запуск скрапинга ===
2025-11-12 18:02:02 - ERROR - Ошибка: Message: no such window: target window already closed
from unknown error: web view not found
  (Session info: chrome=142.0.7444.60)
Stacktrace:
0   chromedriver                        0x0000000104c27aa4 cxxbridge1$str$ptr + 2943380
1   chromedriver                        0x0000000104c1f760 cxxbridge1$str$ptr + 2909776
2   chromedriver                        0x00000001047362bc _RNvCsgXDX2mvAJAg_7___rustc35___rust_no_alloc_shim_is_unstable_v2 + 74028
3   chromedriver                        0x000000010470fd10 chromedriver + 146704
4   chromedriver                        0x00000001047a5c3c _RNvCsgXDX2mvAJAg_7___rustc35___rust_no_alloc_shim_is_unstable_v2 + 531116
5   chromedriver                        0x00000001047be8d8 _RNvCsgXDX2mvAJAg_7___rustc35___rust_no_alloc_shim_is_unstable_v2 + 632648
6   chromedriver                        0x0000000104771f10 _RNvCsgXDX2mvAJAg_7___rustc35___rust_no_alloc_shim_is_unstable_v2 + 318848
7   chromedriver                        0x0000000104be9b98 cxxbridge1$str$ptr + 2689672
8   chromedriver                        0x0000000104bed3ac cxxbridge1$str$ptr + 2704028
9   chromedriver                        0x0000000104bcaa08 cxxbridge1$str$ptr + 2562296
10  chromedriver                        0x0000000104bedc84 cxxbridge1$str$ptr + 2706292
11  chromedriver                        0x0000000104bbc304 cxxbridge1$str$ptr + 2503156
12  chromedriver                        0x0000000104c0dd58 cxxbridge1$str$ptr + 2837576
13  chromedriver                        0x0000000104c0dedc cxxbridge1$str$ptr + 2837964
14  chromedriver                        0x0000000104c1f3b0 cxxbridge1$str$ptr + 2908832
15  libsystem_pthread.dylib             0x000000019ce87c0c _pthread_start + 136
16  libsystem_pthread.dylib             0x000000019ce82b80 thread_start + 8

2025-11-12 18:02:02 - INFO - Собрано 0 записей с 1 страниц.
2025-11-12 18:02:02 - INFO - === Скрапинг завершён ===
